\BOOKMARK [1][-]{section.1}{\376\377\123\026\133\146\136\163\210\141}{}% 1
\BOOKMARK [2][-]{subsection.1.1}{\376\377\123\026\133\146\136\163\210\141}{section.1}% 2
\BOOKMARK [3][-]{subsubsection.1.1.1}{\376\377\123\026\133\146\136\163\210\141\166\204\162\171\137\201}{subsection.1.1}% 3
\BOOKMARK [3][-]{subsubsection.1.1.2}{\376\377\150\007\121\306\136\163\210\141\136\070\145\160\116\345\123\312\147\011\121\163\166\204\213\241\173\227}{subsection.1.1}% 4
\BOOKMARK [3][-]{subsubsection.1.1.3}{\376\377\131\032\221\315\136\163\210\141\154\325\122\031}{subsection.1.1}% 5
\BOOKMARK [2][-]{subsection.1.2}{\376\377\123\026\133\146\136\163\210\141\166\204\171\373\122\250}{section.1}% 6
\BOOKMARK [3][-]{subsubsection.1.2.1}{\376\377\123\026\133\146\123\315\136\224\171\373\122\250\145\271\124\021\166\204\122\044\145\255}{subsection.1.2}% 7
\BOOKMARK [3][-]{subsubsection.1.2.2}{\376\377\123\026\133\146\136\163\210\141\171\373\122\250\172\013\136\246\213\241\173\227}{subsection.1.2}% 8
\BOOKMARK [2][-]{subsection.1.3}{\376\377\123\026\133\146\123\315\136\224\220\037\163\207\123\312\121\166\210\150\171\072\154\325}{section.1}% 9
\BOOKMARK [1][-]{section.2}{\376\377\211\343\171\273\136\163\210\141}{}% 10
\BOOKMARK [2][-]{subsection.2.1}{\376\377\221\170\170\261\164\006\213\272}{section.2}% 11
\BOOKMARK [3][-]{subsubsection.2.1.1}{\376\377\221\170\170\261\215\050\133\120\213\272}{subsection.2.1}% 12
\BOOKMARK [3][-]{subsubsection.2.1.2}{\376\377\221\170\170\261\165\065\133\120\213\272\377\010\136\177\116\111\221\170\170\261\164\006\213\272\377\011}{subsection.2.1}% 13
\BOOKMARK [3][-]{subsubsection.2.1.3}{\376\377\170\154\217\157\221\170\170\261\211\304\122\031\377\010\000H\000S\000A\000B\377\011}{subsection.2.1}% 14
\BOOKMARK [2][-]{subsection.2.2}{\376\377\137\061\221\170\060\001\137\061\170\261\166\204\211\343\171\273\136\163\210\141}{section.2}% 15
\BOOKMARK [3][-]{subsubsection.2.2.1}{\376\377\116\000\121\103\137\061\221\170\377\010\170\261\377\011\166\204\211\343\171\273\136\163\210\141}{subsection.2.2}% 16
\BOOKMARK [3][-]{subsubsection.2.2.2}{\376\377\131\032\121\103\137\061\221\170\211\343\171\273\136\163\210\141}{subsection.2.2}% 17
\BOOKMARK [3][-]{subsubsection.2.2.3}{\376\377\116\044\140\047\162\151\215\050\166\204\211\343\171\273\136\163\210\141}{subsection.2.2}% 18
\BOOKMARK [3][-]{subsubsection.2.2.4}{\376\377\124\014\171\273\133\120\145\110\136\224\124\214\166\320\145\110\136\224}{subsection.2.2}% 19
\BOOKMARK [2][-]{subsection.2.3}{\376\377\137\072\165\065\211\343\215\050\156\266\155\262}{section.2}% 20
\BOOKMARK [2][-]{subsection.2.4}{\376\377\177\023\121\262\156\266\155\262}{section.2}% 21
\BOOKMARK [3][-]{subsubsection.2.4.1}{\376\377\177\023\121\262\117\134\165\050\123\237\164\006\124\214\213\241\173\227\121\154\137\017}{subsection.2.4}% 22
\BOOKMARK [3][-]{subsubsection.2.4.2}{\376\377\177\023\121\262\133\271\221\317\124\214\177\023\121\262\203\003\126\364}{subsection.2.4}% 23
\BOOKMARK [2][-]{subsection.2.5}{\376\377\154\211\155\300\156\266\211\343\136\163\210\141}{section.2}% 24
\BOOKMARK [3][-]{subsubsection.2.5.1}{\376\377\156\266\136\246\171\357\124\214\156\266\136\246\171\357\211\304\122\031}{subsection.2.5}% 25
\BOOKMARK [3][-]{subsubsection.2.5.2}{\376\377\154\211\155\300\166\204\165\037\142\020\124\214\156\266\211\343}{subsection.2.5}% 26
\BOOKMARK [3][-]{subsubsection.2.5.3}{\376\377\122\006\153\145\154\211\155\300\124\214\154\211\155\300\166\204\217\154\123\026}{subsection.2.5}% 27
\BOOKMARK [1][-]{section.3}{\376\377\154\047\123\026\217\330\123\237\123\315\136\224}{}% 28
\BOOKMARK [2][-]{subsection.3.1}{\376\377\154\047\123\026\217\330\123\237\123\315\136\224\166\204\127\372\147\054\151\202\137\365}{section.3}% 29
\BOOKMARK [3][-]{subsubsection.3.1.1}{\376\377\154\047\123\026\124\214\217\330\123\237}{subsection.3.1}% 30
\BOOKMARK [3][-]{subsubsection.3.1.2}{\376\377\154\047\123\026\145\160}{subsection.3.1}% 31
\BOOKMARK [2][-]{subsection.3.2}{\376\377\154\047\123\026\217\330\123\237\123\315\136\224}{section.3}% 32
\BOOKMARK [3][-]{subsubsection.3.2.1}{\376\377\154\047\123\026\145\160\154\325}{subsection.3.2}% 33
\BOOKMARK [3][-]{subsubsection.3.2.2}{\376\377\171\273\133\120\165\065\133\120\154\325}{subsection.3.2}% 34
\BOOKMARK [2][-]{subsection.3.3}{\376\377\165\065\147\201\165\065\122\277}{section.3}% 35
\BOOKMARK [3][-]{subsubsection.3.3.1}{\376\377\123\237\165\065\154\140}{subsection.3.3}% 36
\BOOKMARK [3][-]{subsubsection.3.3.2}{\376\377\165\065\147\201\165\065\122\277}{subsection.3.3}% 37
\BOOKMARK [3][-]{subsubsection.3.3.3}{\376\377\200\375\145\257\162\171\145\271\172\013}{subsection.3.3}% 38
\BOOKMARK [2][-]{subsection.3.4}{\376\377\165\065\147\201\165\065\122\277\166\204\136\224\165\050}{section.3}% 39
\BOOKMARK [3][-]{subsubsection.3.4.1}{\376\377\213\241\173\227\123\237\165\065\154\140\166\204\165\065\122\250\122\277}{subsection.3.4}% 40
\BOOKMARK [3][-]{subsubsection.3.4.2}{\376\377\122\044\145\255\154\047\123\026\217\330\123\237\123\315\136\224\217\333\210\114\166\204\145\271\124\021}{subsection.3.4}% 41
\BOOKMARK [3][-]{subsubsection.3.4.3}{\376\377\122\044\145\255\154\047\123\026\217\330\123\237\123\315\136\224\217\333\210\114\166\204\153\041\136\217}{subsection.3.4}% 42
\BOOKMARK [3][-]{subsubsection.3.4.4}{\376\377\154\102\136\163\210\141\136\070\145\160\124\214\156\266\136\246\171\357\136\070\145\160}{subsection.3.4}% 43
\BOOKMARK [3][-]{subsubsection.3.4.5}{\376\377\122\044\145\255\154\047\123\026\217\330\123\237\123\315\136\224\217\333\210\114\166\204\172\013\136\246}{subsection.3.4}% 44
\BOOKMARK [2][-]{subsection.3.5}{\376\377\121\103\175\040\165\065\122\277\126\376\123\312\121\166\136\224\165\050}{section.3}% 45
\BOOKMARK [1][-]{section.4}{\376\377\123\237\133\120\176\323\147\204}{}% 46
\BOOKMARK [2][-]{subsection.4.1}{\376\377\137\256\211\302\174\222\133\120\166\204\154\342\174\222\116\214\214\141\140\047}{section.4}% 47
\BOOKMARK [3][-]{subsubsection.4.1.1}{\376\377\154\042\121\111\214\061\116\016\154\342\134\024\164\006\213\272}{subsection.4.1}% 48
\BOOKMARK [3][-]{subsubsection.4.1.2}{\376\377\137\256\211\302\174\222\133\120\166\204\154\342\174\222\116\214\214\141\140\047}{subsection.4.1}% 49
\BOOKMARK [3][-]{subsubsection.4.1.3}{\376\377\155\113\116\015\121\306\123\237\164\006}{subsection.4.1}% 50
\BOOKMARK [3][-]{subsubsection.4.1.4}{\376\377\154\342\121\375\145\160\116\016\205\233\133\232\214\024\145\271\172\013}{subsection.4.1}% 51
\BOOKMARK [3][-]{subsubsection.4.1.5}{\376\377\154\342\121\375\145\160\124\214\165\065\133\120\116\221\126\376\137\142}{subsection.4.1}% 52
\BOOKMARK [3][-]{subsubsection.4.1.6}{\376\377\126\333\116\052\221\317\133\120\145\160}{subsection.4.1}% 53
\BOOKMARK [2][-]{subsection.4.2}{\376\377\131\032\165\065\133\120\150\070\131\026\165\065\133\120\166\204\217\320\122\250\162\266\140\001}{section.4}% 54
\BOOKMARK [3][-]{subsubsection.4.2.1}{\376\377\134\117\205\075\145\110\136\224\124\214\224\273\172\177\145\110\136\224}{subsection.4.2}% 55
\BOOKMARK [3][-]{subsubsection.4.2.2}{\376\377\123\237\133\120\150\070\131\026\165\065\133\120\143\222\136\003}{subsection.4.2}% 56
\BOOKMARK [2][-]{subsection.4.3}{\376\377\123\237\133\120\176\323\147\204\124\214\121\103\175\040\124\150\147\037\210\150}{section.4}% 57
\BOOKMARK [3][-]{subsubsection.4.3.1}{\376\377\150\070\131\026\165\065\133\120\143\222\136\003\124\214\124\150\147\037\210\150\166\204\121\163\174\373}{subsection.4.3}% 58
\BOOKMARK [3][-]{subsubsection.4.3.2}{\376\377\123\237\133\120\176\323\147\204\116\016\121\103\175\040\127\372\147\054\140\047\215\050}{subsection.4.3}% 59
\BOOKMARK [1][-]{section.5}{\376\377\122\006\133\120\176\323\147\204}{}% 60
\BOOKMARK [2][-]{subsection.5.1}{\376\377\171\273\133\120\225\056}{section.5}% 61
\BOOKMARK [3][-]{subsubsection.5.1.1}{\376\377\171\273\133\120\225\056\164\006\213\272}{subsection.5.1}% 62
\BOOKMARK [3][-]{subsubsection.5.1.2}{\376\377\171\273\133\120\166\204\162\171\137\201}{subsection.5.1}% 63
\BOOKMARK [3][-]{subsubsection.5.1.3}{\376\377\146\166\150\074\200\375}{subsection.5.1}% 64
\BOOKMARK [2][-]{subsection.5.2}{\376\377\121\161\116\367\225\056\124\214\116\367\225\056\164\006\213\272}{section.5}% 65
\BOOKMARK [3][-]{subsubsection.5.2.1}{\376\377\116\367\225\056\164\006\213\272}{subsection.5.2}% 66
\BOOKMARK [3][-]{subsubsection.5.2.2}{\376\377\121\161\116\367\225\056\166\204\162\171\137\201}{subsection.5.2}% 67
\BOOKMARK [2][-]{subsection.5.3}{\376\377\147\102\123\026\217\150\220\123\164\006\213\272}{section.5}% 68
\BOOKMARK [3][-]{subsubsection.5.3.1}{\376\377\147\102\123\026\217\150\220\123\164\006\213\272\166\204\127\372\147\054\211\201\160\271}{subsection.5.3}% 69
\BOOKMARK [3][-]{subsubsection.5.3.2}{\376\377\147\102\123\026\217\150\220\123\166\204\174\173\127\213}{subsection.5.3}% 70
\BOOKMARK [2][-]{subsection.5.4}{\376\377\116\367\134\102\165\065\133\120\133\371\116\222\145\245\164\006\213\272\377\010\000V\000S\000E\000P\000R\377\011}{section.5}% 71
\BOOKMARK [2][-]{subsection.5.5}{\376\377\122\006\133\120\217\150\220\123\164\006\213\272}{section.5}% 72
\BOOKMARK [3][-]{subsubsection.5.5.1}{\376\377\122\006\133\120\217\150\220\123\164\006\213\272\166\204\127\372\147\054\211\201\160\271}{subsection.5.5}% 73
\BOOKMARK [3][-]{subsubsection.5.5.2}{\376\377\122\006\133\120\217\150\220\123\200\375\176\247\126\376}{subsection.5.5}% 74
\BOOKMARK [3][-]{subsubsection.5.5.3}{\376\377\122\006\133\120\217\150\220\123\164\006\213\272\166\204\136\224\165\050}{subsection.5.5}% 75
\BOOKMARK [2][-]{subsection.5.6}{\376\377\221\321\134\136\225\056}{section.5}% 76
\BOOKMARK [3][-]{subsubsection.5.6.1}{\376\377\221\321\134\136\146\166\150\074}{subsection.5.6}% 77
\BOOKMARK [3][-]{subsubsection.5.6.2}{\376\377\221\321\134\136\225\056\040\024\040\024\145\071\140\047\121\161\116\367\164\006\213\272}{subsection.5.6}% 78
\BOOKMARK [2][-]{subsection.5.7}{\376\377\122\006\133\120\166\204\147\201\140\047\124\214\122\006\133\120\225\364\122\233}{section.5}% 79
\BOOKMARK [3][-]{subsubsection.5.7.1}{\376\377\122\006\133\120\166\204\147\201\140\047}{subsection.5.7}% 80
\BOOKMARK [3][-]{subsubsection.5.7.2}{\376\377\122\006\133\120\225\364\122\233}{subsection.5.7}% 81
\BOOKMARK [2][-]{subsection.5.8}{\376\377\171\273\133\120\147\201\123\026}{section.5}% 82
\BOOKMARK [1][-]{section.6}{\376\377\221\115\117\115\123\026\124\010\162\151}{}% 83
\BOOKMARK [2][-]{subsection.6.1}{\376\377\221\115\117\115\211\343\171\273\136\163\210\141}{section.6}% 84
\BOOKMARK [3][-]{subsubsection.6.1.1}{\376\377\221\115\117\115\211\343\171\273\136\163\210\141\124\214\136\163\210\141\136\070\145\160}{subsection.6.1}% 85
\BOOKMARK [3][-]{subsubsection.6.1.2}{\376\377\221\115\117\115\211\343\171\273\136\163\210\141\166\204\171\373\122\250}{subsection.6.1}% 86
\BOOKMARK [2][-]{subsection.6.2}{\376\377\207\257\124\010\162\151\166\204\172\063\133\232\140\047}{section.6}% 87
\BOOKMARK [1][-]{section.7}{\376\377\121\103\175\040\220\350\122\006}{}% 88
\BOOKMARK [2][-]{subsection.7.1}{\376\377\000s\123\072\121\103\175\040}{section.7}% 89
\BOOKMARK [3][-]{subsubsection.7.1.1}{\376\377\000L\000i\000,\000B\000e\166\204\162\171\153\212\140\047}{subsection.7.1}% 90
\BOOKMARK [3][-]{subsubsection.7.1.2}{\376\377\121\103\175\040\123\125\215\050\166\204\162\171\153\212\140\047}{subsection.7.1}% 91
\BOOKMARK [2][-]{subsection.7.2}{\376\377\000p\123\072\121\103\175\040}{section.7}% 92
\BOOKMARK [3][-]{subsubsection.7.2.1}{\376\377\000F\166\204\123\315\136\070\140\047}{subsection.7.2}% 93
\BOOKMARK [3][-]{subsubsection.7.2.2}{\376\377\154\057\166\204\124\053\154\047\221\170\166\320}{subsection.7.2}% 94
\BOOKMARK [3][-]{subsubsection.7.2.3}{\376\377\154\047\145\317\121\103\175\040}{subsection.7.2}% 95
\BOOKMARK [3][-]{subsubsection.7.2.4}{\376\377\154\056\145\317\121\103\175\040}{subsection.7.2}% 96
\BOOKMARK [3][-]{subsubsection.7.2.5}{\376\377\170\263\145\317\121\103\175\040}{subsection.7.2}% 97
\BOOKMARK [3][-]{subsubsection.7.2.6}{\376\377\170\174\145\317\121\103\175\040}{subsection.7.2}% 98
\BOOKMARK [2][-]{subsection.7.3}{\376\377\000d\000s\123\072\121\103\175\040}{section.7}% 99
\BOOKMARK [2][-]{subsection.7.4}{\376\377\000d\123\072\121\103\175\040\124\214\000f\123\072\121\103\175\040}{section.7}% 100
\BOOKMARK [1][-]{section.8}{\376\377\133\232\221\317\122\006\147\220\166\204\213\357\135\356\124\214\122\006\147\220\176\323\147\234\166\204\145\160\143\156\131\004\164\006}{}% 101
\BOOKMARK [2][-]{subsection.8.1}{\376\377\147\011\145\110\145\160\133\127}{section.8}% 102
\BOOKMARK [3][-]{subsubsection.8.1.1}{\376\377\147\011\145\110\145\160\133\127\166\204\213\260\117\115\211\304\122\031}{subsection.8.1}% 103
\BOOKMARK [3][-]{subsubsection.8.1.2}{\376\377\147\011\145\110\145\160\133\127\217\320\173\227\154\325\122\031\040\024\040\024\121\110\117\356\176\246\124\016\213\241\173\227}{subsection.8.1}% 104
\BOOKMARK [2][-]{subsection.8.2}{\376\377\213\357\135\356\166\204\116\247\165\037\116\345\123\312\210\150\171\072\145\271\154\325}{section.8}% 105
\BOOKMARK [3][-]{subsubsection.8.2.1}{\376\377\213\357\135\356\116\247\165\037\166\204\123\237\126\340}{subsection.8.2}% 106
\BOOKMARK [3][-]{subsubsection.8.2.2}{\376\377\213\357\135\356\166\204\210\150\171\072\145\271\154\325}{subsection.8.2}% 107
\BOOKMARK [3][-]{subsubsection.8.2.3}{\376\377\133\236\232\214\145\160\143\156\131\004\164\006}{subsection.8.2}% 108
\BOOKMARK [2][-]{subsection.8.3}{\376\377\147\011\226\120\133\236\232\214\145\160\143\156\166\204\176\337\213\241\131\004\164\006}{section.8}% 109
\BOOKMARK [3][-]{subsubsection.8.3.1}{\376\377\120\166\161\066\213\357\135\356\166\204\153\143\140\001\122\006\136\003}{subsection.8.3}% 110
\BOOKMARK [3][-]{subsubsection.8.3.2}{\376\377\155\113\133\232\176\323\147\234\171\273\177\244\120\074\202\015\137\003}{subsection.8.3}% 111
\BOOKMARK [3][-]{subsubsection.8.3.3}{\376\377\146\076\204\127\140\047\150\300\232\214}{subsection.8.3}% 112
\BOOKMARK [2][-]{subsection.8.4}{\376\377\143\320\232\330\121\306\170\156\136\246\166\204\145\271\154\325}{section.8}% 113
\BOOKMARK [1][-]{section.9}{\376\377\221\315\221\317\122\006\147\220\145\271\154\325}{}% 114
\BOOKMARK [2][-]{subsection.9.1}{\376\377\137\161\124\315\154\211\155\300\176\257\136\246\166\204\126\340\175\040}{section.9}% 115
\BOOKMARK [2][-]{subsection.9.2}{\376\377\154\211\155\300\166\204\137\142\142\020}{section.9}% 116
\BOOKMARK [2][-]{subsection.9.3}{\376\377\221\315\221\317\122\006\147\220\154\325\144\315\117\134\153\145\232\244}{section.9}% 117
\BOOKMARK [2][-]{subsection.9.4}{\376\377\154\211\155\300\166\204\133\214\121\150\172\013\136\246\116\016\137\161\124\315\154\211\155\300\156\266\211\343\136\246\166\204\126\340\175\040}{section.9}% 118
\BOOKMARK [3][-]{subsubsection.9.4.1}{\376\377\221\170\145\110\136\224\133\371\154\211\155\300\156\266\211\343\136\246\166\204\137\161\124\315}{subsection.9.4}% 119
\BOOKMARK [3][-]{subsubsection.9.4.2}{\376\377\221\115\117\115\145\110\136\224\133\371\154\211\155\300\156\266\211\343\136\246\166\204\137\161\124\315}{subsection.9.4}% 120
\BOOKMARK [1][-]{section.10}{\376\377\156\364\133\232\122\006\147\220\154\325}{}% 121
\BOOKMARK [2][-]{subsection.10.1}{\376\377\156\364\133\232\122\006\147\220\151\202\213\272}{section.10}% 122
\BOOKMARK [3][-]{subsubsection.10.1.1}{\376\377\156\364\133\232\122\006\147\220\217\307\172\013\124\214\145\271\154\325\122\006\174\173}{subsection.10.1}% 123
\BOOKMARK [3][-]{subsubsection.10.1.2}{\376\377\150\007\121\306\156\266\155\262\166\204\221\115\177\156\060\001\127\372\121\306\162\151\060\001\127\372\121\306\156\266\155\262}{subsection.10.1}% 124
\BOOKMARK [2][-]{subsection.10.2}{\376\377\221\170\170\261\156\364\133\232\154\325}{section.10}% 125
\BOOKMARK [3][-]{subsubsection.10.2.1}{\376\377\137\061\221\170\137\061\170\261\156\266\155\262\116\055\124\004\162\151\171\315\122\006\136\003}{subsection.10.2}% 126
\BOOKMARK [3][-]{subsubsection.10.2.2}{\376\377\221\170\170\261\156\266\155\262\116\055\154\042\171\273\133\120\155\123\136\246}{subsection.10.2}% 127
\BOOKMARK [3][-]{subsubsection.10.2.3}{\376\377\221\170\170\261\143\007\171\072\122\102}{subsection.10.2}% 128
\BOOKMARK [3][-]{subsubsection.10.2.4}{\376\377\221\170\170\261\156\364\133\232\166\204\156\364\133\232\146\362\176\277\123\312\143\007\171\072\122\102\166\204\220\011\142\351}{subsection.10.2}% 129
\BOOKMARK [3][-]{subsubsection.10.2.5}{\376\377\221\170\170\261\156\364\133\232\154\325\166\204\136\224\165\050}{subsection.10.2}% 130
\BOOKMARK [2][-]{subsection.10.3}{\376\377\221\115\117\115\156\364\133\232\154\325}{section.10}% 131
\BOOKMARK [3][-]{subsubsection.10.3.1}{\376\377\221\115\117\115\156\364\133\232\154\325\151\202\217\360}{subsection.10.3}% 132
\BOOKMARK [3][-]{subsubsection.10.3.2}{\376\377\221\115\117\115\156\364\133\232\127\372\147\054\123\237\164\006}{subsection.10.3}% 133
\BOOKMARK [3][-]{subsubsection.10.3.3}{\376\377\155\367\124\010\171\273\133\120\156\364\133\232}{subsection.10.3}% 134
\BOOKMARK [3][-]{subsubsection.10.3.4}{\376\377\221\115\117\115\156\364\133\232\166\204\145\271\137\017\124\214\136\224\165\050\133\236\117\213}{subsection.10.3}% 135
\BOOKMARK [2][-]{subsection.10.4}{\376\377\154\047\123\026\217\330\123\237\156\364\133\232}{section.10}% 136
\BOOKMARK [3][-]{subsubsection.10.4.1}{\376\377\151\202\217\360}{subsection.10.4}% 137
\BOOKMARK [3][-]{subsubsection.10.4.2}{\376\377\154\047\123\026\217\330\123\237\156\364\133\232\154\325\127\372\147\054\123\237\164\006}{subsection.10.4}% 138
\BOOKMARK [3][-]{subsubsection.10.4.3}{\376\377\154\047\123\026\217\330\123\237\230\204\131\004\164\006}{subsection.10.4}% 139
\BOOKMARK [3][-]{subsubsection.10.4.4}{\376\377\154\047\123\026\217\330\123\237\156\364\133\232\154\325}{subsection.10.4}% 140
\BOOKMARK [2][-]{subsection.10.5}{\376\377\154\211\155\300\156\364\133\232\154\325}{section.10}% 141
\BOOKMARK [3][-]{subsubsection.10.5.1}{\376\377\203\253\134\024\377\010\000M\000o\000h\000r\377\011\154\325}{subsection.10.5}% 142
\BOOKMARK [3][-]{subsubsection.10.5.2}{\376\377\117\133\134\024\124\310\137\267\154\325}{subsection.10.5}% 143
\BOOKMARK [3][-]{subsubsection.10.5.3}{\376\377\154\325\142\154\123\370\154\325}{subsection.10.5}% 144
\BOOKMARK [1][-]{section.11}{\376\377\153\324\202\162\154\325\116\016\122\006\121\111\121\111\136\246\154\325}{}% 145
\BOOKMARK [2][-]{subsection.11.1}{\376\377\151\202\217\360}{section.11}% 146
\BOOKMARK [3][-]{subsubsection.11.1.1}{\376\377\122\006\121\111\121\111\136\246\154\325\123\312\121\166\162\171\160\271}{subsection.11.1}% 147
\BOOKMARK [2][-]{subsection.11.2}{\376\377\121\111\124\070\145\066\133\232\137\213}{section.11}% 148
\BOOKMARK [2][-]{subsection.11.3}{\376\377\153\324\202\162\154\325\124\214\122\006\121\111\121\111\136\246\154\325\123\312\121\166\116\352\126\150}{section.11}% 149
